[14-Mar-2025 09:13:11 UTC] PHP Warning:  Attempt to read property "title" on null in D:\xampp\htdocs\portfolio-site\web\wp\wp-includes\class-wp-customize-widgets.php on line 923
[14-Mar-2025 10:36:06 UTC] PHP Warning:  Attempt to read property "title" on null in D:\xampp\htdocs\portfolio-site\web\wp\wp-includes\class-wp-customize-widgets.php on line 923
[14-Mar-2025 10:36:10 UTC] PHP Warning:  Attempt to read property "title" on null in D:\xampp\htdocs\portfolio-site\web\wp\wp-includes\class-wp-customize-widgets.php on line 923
[14-Mar-2025 10:36:13 UTC] PHP Warning:  Attempt to read property "title" on null in D:\xampp\htdocs\portfolio-site\web\wp\wp-includes\class-wp-customize-widgets.php on line 923
[14-Mar-2025 10:36:27 UTC] PHP Warning:  Attempt to read property "title" on null in D:\xampp\htdocs\portfolio-site\web\wp\wp-includes\class-wp-customize-widgets.php on line 923
[14-Mar-2025 10:36:34 UTC] PHP Warning:  Attempt to read property "title" on null in D:\xampp\htdocs\portfolio-site\web\wp\wp-includes\class-wp-customize-widgets.php on line 923
[14-Mar-2025 10:37:22 UTC] PHP Warning:  Attempt to read property "title" on null in D:\xampp\htdocs\portfolio-site\web\wp\wp-includes\class-wp-customize-widgets.php on line 923
[14-Mar-2025 10:37:33 UTC] PHP Warning:  Attempt to read property "title" on null in D:\xampp\htdocs\portfolio-site\web\wp\wp-includes\class-wp-customize-widgets.php on line 923
[14-Mar-2025 10:37:35 UTC] PHP Warning:  Attempt to read property "title" on null in D:\xampp\htdocs\portfolio-site\web\wp\wp-includes\class-wp-customize-widgets.php on line 923
[14-Mar-2025 10:37:44 UTC] PHP Warning:  Attempt to read property "title" on null in D:\xampp\htdocs\portfolio-site\web\wp\wp-includes\class-wp-customize-widgets.php on line 923
[14-Mar-2025 10:37:51 UTC] PHP Warning:  Attempt to read property "title" on null in D:\xampp\htdocs\portfolio-site\web\wp\wp-includes\class-wp-customize-widgets.php on line 923
[14-Mar-2025 10:37:59 UTC] PHP Warning:  Attempt to read property "title" on null in D:\xampp\htdocs\portfolio-site\web\wp\wp-includes\class-wp-customize-widgets.php on line 923
[14-Mar-2025 10:43:15 UTC] PHP Warning:  Attempt to read property "title" on null in D:\xampp\htdocs\portfolio-site\web\wp\wp-includes\class-wp-customize-widgets.php on line 923
[14-Mar-2025 10:43:18 UTC] PHP Warning:  Attempt to read property "title" on null in D:\xampp\htdocs\portfolio-site\web\wp\wp-includes\class-wp-customize-widgets.php on line 923
[14-Mar-2025 10:54:54 UTC] PHP Warning:  Attempt to read property "title" on null in D:\xampp\htdocs\portfolio-site\web\wp\wp-includes\class-wp-customize-widgets.php on line 923
[14-Mar-2025 10:54:58 UTC] PHP Warning:  Attempt to read property "title" on null in D:\xampp\htdocs\portfolio-site\web\wp\wp-includes\class-wp-customize-widgets.php on line 923
[14-Mar-2025 10:55:01 UTC] PHP Warning:  Attempt to read property "title" on null in D:\xampp\htdocs\portfolio-site\web\wp\wp-includes\class-wp-customize-widgets.php on line 923
[14-Mar-2025 10:55:02 UTC] PHP Warning:  Attempt to read property "title" on null in D:\xampp\htdocs\portfolio-site\web\wp\wp-includes\class-wp-customize-widgets.php on line 923
[14-Mar-2025 10:55:06 UTC] PHP Warning:  Attempt to read property "title" on null in D:\xampp\htdocs\portfolio-site\web\wp\wp-includes\class-wp-customize-widgets.php on line 923
[14-Mar-2025 10:55:08 UTC] PHP Warning:  Attempt to read property "title" on null in D:\xampp\htdocs\portfolio-site\web\wp\wp-includes\class-wp-customize-widgets.php on line 923
[14-Mar-2025 10:55:11 UTC] PHP Warning:  Attempt to read property "title" on null in D:\xampp\htdocs\portfolio-site\web\wp\wp-includes\class-wp-customize-widgets.php on line 923
[14-Mar-2025 10:55:12 UTC] PHP Warning:  Attempt to read property "title" on null in D:\xampp\htdocs\portfolio-site\web\wp\wp-includes\class-wp-customize-widgets.php on line 923
[14-Mar-2025 10:55:13 UTC] PHP Warning:  Attempt to read property "title" on null in D:\xampp\htdocs\portfolio-site\web\wp\wp-includes\class-wp-customize-widgets.php on line 923
[14-Mar-2025 10:55:15 UTC] PHP Warning:  Attempt to read property "title" on null in D:\xampp\htdocs\portfolio-site\web\wp\wp-includes\class-wp-customize-widgets.php on line 923
[14-Mar-2025 10:55:16 UTC] PHP Warning:  Attempt to read property "title" on null in D:\xampp\htdocs\portfolio-site\web\wp\wp-includes\class-wp-customize-widgets.php on line 923
[14-Mar-2025 10:55:19 UTC] PHP Warning:  Attempt to read property "title" on null in D:\xampp\htdocs\portfolio-site\web\wp\wp-includes\class-wp-customize-widgets.php on line 923
[14-Mar-2025 10:55:21 UTC] PHP Warning:  Attempt to read property "title" on null in D:\xampp\htdocs\portfolio-site\web\wp\wp-includes\class-wp-customize-widgets.php on line 923
[14-Mar-2025 10:55:23 UTC] PHP Warning:  Attempt to read property "title" on null in D:\xampp\htdocs\portfolio-site\web\wp\wp-includes\class-wp-customize-widgets.php on line 923
[14-Mar-2025 10:55:50 UTC] PHP Warning:  Attempt to read property "title" on null in D:\xampp\htdocs\portfolio-site\web\wp\wp-includes\class-wp-customize-widgets.php on line 923
[14-Mar-2025 10:57:16 UTC] PHP Warning:  Attempt to read property "title" on null in D:\xampp\htdocs\portfolio-site\web\wp\wp-includes\class-wp-customize-widgets.php on line 923
[14-Mar-2025 10:57:21 UTC] PHP Warning:  Attempt to read property "title" on null in D:\xampp\htdocs\portfolio-site\web\wp\wp-includes\class-wp-customize-widgets.php on line 923
[14-Mar-2025 10:57:51 UTC] PHP Warning:  Attempt to read property "title" on null in D:\xampp\htdocs\portfolio-site\web\wp\wp-includes\class-wp-customize-widgets.php on line 923
[14-Mar-2025 10:57:53 UTC] PHP Warning:  Attempt to read property "title" on null in D:\xampp\htdocs\portfolio-site\web\wp\wp-includes\class-wp-customize-widgets.php on line 923
[28-Mar-2025 11:30:53 UTC] PHP Warning:  mysqli_real_connect(): (HY000/2002): Aucune connexion n’a pu être établie car l’ordinateur cible l’a expressément refusée in D:\xampp\htdocs\portfolio-site\web\wp\wp-includes\class-wpdb.php on line 1982
[28-Mar-2025 14:42:29 UTC] PHP Fatal error:  Uncaught Error: Call to undefined method SCF::register() in D:\xampp\htdocs\portfolio-site\web\app\mu-plugins\portfolio-fields.php:8
Stack trace:
#0 D:\xampp\htdocs\portfolio-site\web\wp\wp-includes\class-wp-hook.php(326): {closure}(Array)
#1 D:\xampp\htdocs\portfolio-site\web\wp\wp-includes\plugin.php(205): WP_Hook->apply_filters(Array, Array)
#2 D:\xampp\htdocs\portfolio-site\web\app\plugins\smart-custom-fields\classes\class.scf.php(477): apply_filters('smart-cf-regist...', Array, 'portfolio', false, 'post', Array)
#3 D:\xampp\htdocs\portfolio-site\web\app\plugins\smart-custom-fields\smart-custom-fields.php(147): SCF::get_settings(Object(WP_Post))
#4 D:\xampp\htdocs\portfolio-site\web\wp\wp-includes\class-wp-hook.php(324): Smart_Custom_Fields->current_screen(Object(WP_Screen))
#5 D:\xampp\htdocs\portfolio-site\web\wp\wp-includes\class-wp-hook.php(348): WP_Hook->apply_filters(NULL, Array)
#6 D:\xampp\htdocs\portfolio-site\web\wp\wp-includes\plugin.php(517): WP_Hook->do_action(Array)
#7 D:\xampp\htdocs\portfolio-site\web\wp\wp-admin\includes\class-wp-screen.php(424): do_action('current_screen', Object(WP_Screen))
#8 D:\xampp\htdocs\portfolio-site\web\wp\wp-admin\includes\screen.php(243): WP_Screen->set_current_screen()
#9 D:\xampp\htdocs\portfolio-site\web\wp\wp-admin\admin.php(212): set_current_screen()
#10 D:\xampp\htdocs\portfolio-site\web\wp\wp-admin\post-new.php(10): require_once('D:\\xampp\\htdocs...')
#11 {main}
  thrown in D:\xampp\htdocs\portfolio-site\web\app\mu-plugins\portfolio-fields.php on line 8
[28-Mar-2025 14:50:27 UTC] PHP Fatal error:  Uncaught Error: Class "Smart_Custom_Fields\Smart_Custom_Fields" not found in D:\xampp\htdocs\portfolio-site\web\app\mu-plugins\portfolio-fields.php:11
Stack trace:
#0 D:\xampp\htdocs\portfolio-site\web\wp\wp-includes\class-wp-hook.php(326): {closure}(Array)
#1 D:\xampp\htdocs\portfolio-site\web\wp\wp-includes\plugin.php(205): WP_Hook->apply_filters(Array, Array)
#2 D:\xampp\htdocs\portfolio-site\web\app\plugins\smart-custom-fields\classes\class.scf.php(477): apply_filters('smart-cf-regist...', Array, 'portfolio', false, 'post', Array)
#3 D:\xampp\htdocs\portfolio-site\web\app\plugins\smart-custom-fields\smart-custom-fields.php(147): SCF::get_settings(Object(WP_Post))
#4 D:\xampp\htdocs\portfolio-site\web\wp\wp-includes\class-wp-hook.php(324): Smart_Custom_Fields->current_screen(Object(WP_Screen))
#5 D:\xampp\htdocs\portfolio-site\web\wp\wp-includes\class-wp-hook.php(348): WP_Hook->apply_filters(NULL, Array)
#6 D:\xampp\htdocs\portfolio-site\web\wp\wp-includes\plugin.php(517): WP_Hook->do_action(Array)
#7 D:\xampp\htdocs\portfolio-site\web\wp\wp-admin\includes\class-wp-screen.php(424): do_action('current_screen', Object(WP_Screen))
#8 D:\xampp\htdocs\portfolio-site\web\wp\wp-admin\includes\screen.php(243): WP_Screen->set_current_screen()
#9 D:\xampp\htdocs\portfolio-site\web\wp\wp-admin\admin.php(212): set_current_screen()
#10 D:\xampp\htdocs\portfolio-site\web\wp\wp-admin\post-new.php(10): require_once('D:\\xampp\\htdocs...')
#11 {main}
  thrown in D:\xampp\htdocs\portfolio-site\web\app\mu-plugins\portfolio-fields.php on line 11
[28-Mar-2025 14:51:42 UTC] PHP Fatal error:  Uncaught Error: Call to undefined method SCF::register() in D:\xampp\htdocs\portfolio-site\web\app\mu-plugins\portfolio-fields.php:14
Stack trace:
#0 D:\xampp\htdocs\portfolio-site\web\wp\wp-includes\class-wp-hook.php(326): {closure}(Array)
#1 D:\xampp\htdocs\portfolio-site\web\wp\wp-includes\plugin.php(205): WP_Hook->apply_filters(Array, Array)
#2 D:\xampp\htdocs\portfolio-site\web\app\plugins\smart-custom-fields\classes\class.scf.php(477): apply_filters('smart-cf-regist...', Array, 'portfolio', false, 'post', Array)
#3 D:\xampp\htdocs\portfolio-site\web\app\plugins\smart-custom-fields\smart-custom-fields.php(147): SCF::get_settings(Object(WP_Post))
#4 D:\xampp\htdocs\portfolio-site\web\wp\wp-includes\class-wp-hook.php(324): Smart_Custom_Fields->current_screen(Object(WP_Screen))
#5 D:\xampp\htdocs\portfolio-site\web\wp\wp-includes\class-wp-hook.php(348): WP_Hook->apply_filters(NULL, Array)
#6 D:\xampp\htdocs\portfolio-site\web\wp\wp-includes\plugin.php(517): WP_Hook->do_action(Array)
#7 D:\xampp\htdocs\portfolio-site\web\wp\wp-admin\includes\class-wp-screen.php(424): do_action('current_screen', Object(WP_Screen))
#8 D:\xampp\htdocs\portfolio-site\web\wp\wp-admin\includes\screen.php(243): WP_Screen->set_current_screen()
#9 D:\xampp\htdocs\portfolio-site\web\wp\wp-admin\admin.php(212): set_current_screen()
#10 D:\xampp\htdocs\portfolio-site\web\wp\wp-admin\post-new.php(10): require_once('D:\\xampp\\htdocs...')
#11 {main}
  thrown in D:\xampp\htdocs\portfolio-site\web\app\mu-plugins\portfolio-fields.php on line 14
[28-Mar-2025 14:58:29 UTC] PHP Fatal error:  Uncaught Error: Call to a member function add_rewrite_tag() on null in D:\xampp\htdocs\portfolio-site\web\wp\wp-includes\rewrite.php:176
Stack trace:
#0 D:\xampp\htdocs\portfolio-site\web\wp\wp-includes\class-wp-post-type.php(709): add_rewrite_tag('%portfolio%', '([^/]+)', 'portfolio=')
#1 D:\xampp\htdocs\portfolio-site\web\wp\wp-includes\post.php(1807): WP_Post_Type->add_rewrite_rules()
#2 D:\xampp\htdocs\portfolio-site\web\app\mu-plugins\portfolio-complet.php(17): register_post_type('portfolio', Array)
#3 D:\xampp\htdocs\portfolio-site\web\wp\wp-includes\class-wp-hook.php(324): {closure}('')
#4 D:\xampp\htdocs\portfolio-site\web\wp\wp-includes\class-wp-hook.php(348): WP_Hook->apply_filters(NULL, Array)
#5 D:\xampp\htdocs\portfolio-site\web\wp\wp-includes\plugin.php(517): WP_Hook->do_action(Array)
#6 D:\xampp\htdocs\portfolio-site\web\wp\wp-settings.php(559): do_action('plugins_loaded')
#7 D:\xampp\htdocs\portfolio-site\web\wp-config.php(10): require_once('D:\\xampp\\htdocs...')
#8 D:\xampp\htdocs\portfolio-site\web\wp\wp-load.php(55): require_once('D:\\xampp\\htdocs...')
#9 D:\xampp\htdocs\portfolio-site\web\wp\wp-admin\admin-ajax.php(22): require_once('D:\\xampp\\htdocs...')
#10 {main}
  thrown in D:\xampp\htdocs\portfolio-site\web\wp\wp-includes\rewrite.php on line 176
[28-Mar-2025 14:58:33 UTC] PHP Fatal error:  Uncaught Error: Call to a member function add_rewrite_tag() on null in D:\xampp\htdocs\portfolio-site\web\wp\wp-includes\rewrite.php:176
Stack trace:
#0 D:\xampp\htdocs\portfolio-site\web\wp\wp-includes\class-wp-post-type.php(709): add_rewrite_tag('%portfolio%', '([^/]+)', 'portfolio=')
#1 D:\xampp\htdocs\portfolio-site\web\wp\wp-includes\post.php(1807): WP_Post_Type->add_rewrite_rules()
#2 D:\xampp\htdocs\portfolio-site\web\app\mu-plugins\portfolio-complet.php(17): register_post_type('portfolio', Array)
#3 D:\xampp\htdocs\portfolio-site\web\wp\wp-includes\class-wp-hook.php(324): {closure}('')
#4 D:\xampp\htdocs\portfolio-site\web\wp\wp-includes\class-wp-hook.php(348): WP_Hook->apply_filters(NULL, Array)
#5 D:\xampp\htdocs\portfolio-site\web\wp\wp-includes\plugin.php(517): WP_Hook->do_action(Array)
#6 D:\xampp\htdocs\portfolio-site\web\wp\wp-settings.php(559): do_action('plugins_loaded')
#7 D:\xampp\htdocs\portfolio-site\web\wp-config.php(10): require_once('D:\\xampp\\htdocs...')
#8 D:\xampp\htdocs\portfolio-site\web\wp\wp-load.php(55): require_once('D:\\xampp\\htdocs...')
#9 D:\xampp\htdocs\portfolio-site\web\wp\wp-admin\admin.php(34): require_once('D:\\xampp\\htdocs...')
#10 D:\xampp\htdocs\portfolio-site\web\wp\wp-admin\about.php(10): require_once('D:\\xampp\\htdocs...')
#11 {main}
  thrown in D:\xampp\htdocs\portfolio-site\web\wp\wp-includes\rewrite.php on line 176
[28-Mar-2025 14:58:35 UTC] PHP Fatal error:  Uncaught Error: Call to a member function add_rewrite_tag() on null in D:\xampp\htdocs\portfolio-site\web\wp\wp-includes\rewrite.php:176
Stack trace:
#0 D:\xampp\htdocs\portfolio-site\web\wp\wp-includes\class-wp-post-type.php(709): add_rewrite_tag('%portfolio%', '([^/]+)', 'portfolio=')
#1 D:\xampp\htdocs\portfolio-site\web\wp\wp-includes\post.php(1807): WP_Post_Type->add_rewrite_rules()
#2 D:\xampp\htdocs\portfolio-site\web\app\mu-plugins\portfolio-complet.php(17): register_post_type('portfolio', Array)
#3 D:\xampp\htdocs\portfolio-site\web\wp\wp-includes\class-wp-hook.php(324): {closure}('')
#4 D:\xampp\htdocs\portfolio-site\web\wp\wp-includes\class-wp-hook.php(348): WP_Hook->apply_filters(NULL, Array)
#5 D:\xampp\htdocs\portfolio-site\web\wp\wp-includes\plugin.php(517): WP_Hook->do_action(Array)
#6 D:\xampp\htdocs\portfolio-site\web\wp\wp-settings.php(559): do_action('plugins_loaded')
#7 D:\xampp\htdocs\portfolio-site\web\wp-config.php(10): require_once('D:\\xampp\\htdocs...')
#8 D:\xampp\htdocs\portfolio-site\web\wp\wp-load.php(55): require_once('D:\\xampp\\htdocs...')
#9 D:\xampp\htdocs\portfolio-site\web\wp\wp-admin\admin.php(34): require_once('D:\\xampp\\htdocs...')
#10 D:\xampp\htdocs\portfolio-site\web\wp\wp-admin\post-new.php(10): require_once('D:\\xampp\\htdocs...')
#11 {main}
  thrown in D:\xampp\htdocs\portfolio-site\web\wp\wp-includes\rewrite.php on line 176
[28-Mar-2025 14:58:36 UTC] PHP Fatal error:  Uncaught Error: Call to a member function add_rewrite_tag() on null in D:\xampp\htdocs\portfolio-site\web\wp\wp-includes\rewrite.php:176
Stack trace:
#0 D:\xampp\htdocs\portfolio-site\web\wp\wp-includes\class-wp-post-type.php(709): add_rewrite_tag('%portfolio%', '([^/]+)', 'portfolio=')
#1 D:\xampp\htdocs\portfolio-site\web\wp\wp-includes\post.php(1807): WP_Post_Type->add_rewrite_rules()
#2 D:\xampp\htdocs\portfolio-site\web\app\mu-plugins\portfolio-complet.php(17): register_post_type('portfolio', Array)
#3 D:\xampp\htdocs\portfolio-site\web\wp\wp-includes\class-wp-hook.php(324): {closure}('')
#4 D:\xampp\htdocs\portfolio-site\web\wp\wp-includes\class-wp-hook.php(348): WP_Hook->apply_filters(NULL, Array)
#5 D:\xampp\htdocs\portfolio-site\web\wp\wp-includes\plugin.php(517): WP_Hook->do_action(Array)
#6 D:\xampp\htdocs\portfolio-site\web\wp\wp-settings.php(559): do_action('plugins_loaded')
#7 D:\xampp\htdocs\portfolio-site\web\wp-config.php(10): require_once('D:\\xampp\\htdocs...')
#8 D:\xampp\htdocs\portfolio-site\web\wp\wp-load.php(55): require_once('D:\\xampp\\htdocs...')
#9 D:\xampp\htdocs\portfolio-site\web\wp\wp-admin\admin.php(34): require_once('D:\\xampp\\htdocs...')
#10 D:\xampp\htdocs\portfolio-site\web\wp\wp-admin\edit.php(10): require_once('D:\\xampp\\htdocs...')
#11 {main}
  thrown in D:\xampp\htdocs\portfolio-site\web\wp\wp-includes\rewrite.php on line 176
[28-Mar-2025 14:58:56 UTC] PHP Fatal error:  Uncaught Error: Call to a member function add_rewrite_tag() on null in D:\xampp\htdocs\portfolio-site\web\wp\wp-includes\rewrite.php:176
Stack trace:
#0 D:\xampp\htdocs\portfolio-site\web\wp\wp-includes\class-wp-post-type.php(709): add_rewrite_tag('%portfolio%', '([^/]+)', 'portfolio=')
#1 D:\xampp\htdocs\portfolio-site\web\wp\wp-includes\post.php(1807): WP_Post_Type->add_rewrite_rules()
#2 D:\xampp\htdocs\portfolio-site\web\app\mu-plugins\portfolio-complet.php(17): register_post_type('portfolio', Array)
#3 D:\xampp\htdocs\portfolio-site\web\wp\wp-includes\class-wp-hook.php(324): {closure}('')
#4 D:\xampp\htdocs\portfolio-site\web\wp\wp-includes\class-wp-hook.php(348): WP_Hook->apply_filters(NULL, Array)
#5 D:\xampp\htdocs\portfolio-site\web\wp\wp-includes\plugin.php(517): WP_Hook->do_action(Array)
#6 D:\xampp\htdocs\portfolio-site\web\wp\wp-settings.php(559): do_action('plugins_loaded')
#7 D:\xampp\htdocs\portfolio-site\web\wp-config.php(10): require_once('D:\\xampp\\htdocs...')
#8 D:\xampp\htdocs\portfolio-site\web\wp\wp-load.php(55): require_once('D:\\xampp\\htdocs...')
#9 D:\xampp\htdocs\portfolio-site\web\wp\wp-admin\admin.php(34): require_once('D:\\xampp\\htdocs...')
#10 D:\xampp\htdocs\portfolio-site\web\wp\wp-admin\about.php(10): require_once('D:\\xampp\\htdocs...')
#11 {main}
  thrown in D:\xampp\htdocs\portfolio-site\web\wp\wp-includes\rewrite.php on line 176
[28-Mar-2025 15:21:05 UTC] PHP Fatal error:  Uncaught Error: Class "SCF" not found in D:\xampp\htdocs\portfolio-site\web\app\themes\niveau-child\single-portfolio.php:7
Stack trace:
#0 D:\xampp\htdocs\portfolio-site\web\wp\wp-includes\template-loader.php(106): include()
#1 D:\xampp\htdocs\portfolio-site\web\wp\wp-blog-header.php(19): require_once('D:\\xampp\\htdocs...')
#2 D:\xampp\htdocs\portfolio-site\web\index.php(7): require('D:\\xampp\\htdocs...')
#3 {main}
  thrown in D:\xampp\htdocs\portfolio-site\web\app\themes\niveau-child\single-portfolio.php on line 7
[28-Mar-2025 15:22:11 UTC] PHP Fatal error:  Uncaught Error: Class "SCF" not found in D:\xampp\htdocs\portfolio-site\web\app\themes\niveau-child\single-portfolio.php:11
Stack trace:
#0 D:\xampp\htdocs\portfolio-site\web\wp\wp-includes\template-loader.php(106): include()
#1 D:\xampp\htdocs\portfolio-site\web\wp\wp-blog-header.php(19): require_once('D:\\xampp\\htdocs...')
#2 D:\xampp\htdocs\portfolio-site\web\index.php(7): require('D:\\xampp\\htdocs...')
#3 {main}
  thrown in D:\xampp\htdocs\portfolio-site\web\app\themes\niveau-child\single-portfolio.php on line 11
[28-Mar-2025 15:23:49 UTC] PHP Fatal error:  Uncaught Error: Class "Smart_Custom_Fields\SCF" not found in D:\xampp\htdocs\portfolio-site\web\app\themes\niveau-child\single-portfolio.php:11
Stack trace:
#0 D:\xampp\htdocs\portfolio-site\web\wp\wp-includes\template-loader.php(106): include()
#1 D:\xampp\htdocs\portfolio-site\web\wp\wp-blog-header.php(19): require_once('D:\\xampp\\htdocs...')
#2 D:\xampp\htdocs\portfolio-site\web\index.php(7): require('D:\\xampp\\htdocs...')
#3 {main}
  thrown in D:\xampp\htdocs\portfolio-site\web\app\themes\niveau-child\single-portfolio.php on line 11
[28-Mar-2025 15:27:54 UTC] PHP Fatal error:  Uncaught Error: Class "Smart_Custom_Fields\SCF" not found in D:\xampp\htdocs\portfolio-site\web\app\themes\niveau-child\single-portfolio.php:12
Stack trace:
#0 D:\xampp\htdocs\portfolio-site\web\wp\wp-includes\template-loader.php(106): include()
#1 D:\xampp\htdocs\portfolio-site\web\wp\wp-blog-header.php(19): require_once('D:\\xampp\\htdocs...')
#2 D:\xampp\htdocs\portfolio-site\web\index.php(7): require('D:\\xampp\\htdocs...')
#3 {main}
  thrown in D:\xampp\htdocs\portfolio-site\web\app\themes\niveau-child\single-portfolio.php on line 12
[28-Mar-2025 15:30:23 UTC] PHP Fatal error:  Uncaught Error: Class "Smart_Custom_Fields\SCF" not found in D:\xampp\htdocs\portfolio-site\web\app\themes\niveau-child\single-portfolio.php:12
Stack trace:
#0 D:\xampp\htdocs\portfolio-site\web\wp\wp-includes\template-loader.php(106): include()
#1 D:\xampp\htdocs\portfolio-site\web\wp\wp-blog-header.php(19): require_once('D:\\xampp\\htdocs...')
#2 D:\xampp\htdocs\portfolio-site\web\index.php(7): require('D:\\xampp\\htdocs...')
#3 {main}
  thrown in D:\xampp\htdocs\portfolio-site\web\app\themes\niveau-child\single-portfolio.php on line 12
[28-Mar-2025 15:32:20 UTC] PHP Fatal error:  Uncaught Error: Class "Smart_Custom_Fields\SCF" not found in D:\xampp\htdocs\portfolio-site\web\app\themes\niveau-child\single-portfolio.php:12
Stack trace:
#0 D:\xampp\htdocs\portfolio-site\web\wp\wp-includes\template-loader.php(106): include()
#1 D:\xampp\htdocs\portfolio-site\web\wp\wp-blog-header.php(19): require_once('D:\\xampp\\htdocs...')
#2 D:\xampp\htdocs\portfolio-site\web\index.php(7): require('D:\\xampp\\htdocs...')
#3 {main}
  thrown in D:\xampp\htdocs\portfolio-site\web\app\themes\niveau-child\single-portfolio.php on line 12
[28-Mar-2025 15:35:35 UTC] PHP Fatal error:  Uncaught Error: Class "Smart_Custom_Fields\SCF" not found in D:\xampp\htdocs\portfolio-site\web\app\themes\niveau-child\single-portfolio.php:12
Stack trace:
#0 D:\xampp\htdocs\portfolio-site\web\wp\wp-includes\template-loader.php(106): include()
#1 D:\xampp\htdocs\portfolio-site\web\wp\wp-blog-header.php(19): require_once('D:\\xampp\\htdocs...')
#2 D:\xampp\htdocs\portfolio-site\web\index.php(7): require('D:\\xampp\\htdocs...')
#3 {main}
  thrown in D:\xampp\htdocs\portfolio-site\web\app\themes\niveau-child\single-portfolio.php on line 12
[28-Mar-2025 15:43:26 UTC] PHP Fatal error:  Uncaught Error: Class "Smart_Custom_Fields\SCF" not found in D:\xampp\htdocs\portfolio-site\web\app\themes\niveau-child\single-portfolio.php:12
Stack trace:
#0 D:\xampp\htdocs\portfolio-site\web\wp\wp-includes\template-loader.php(106): include()
#1 D:\xampp\htdocs\portfolio-site\web\wp\wp-blog-header.php(19): require_once('D:\\xampp\\htdocs...')
#2 D:\xampp\htdocs\portfolio-site\web\index.php(7): require('D:\\xampp\\htdocs...')
#3 {main}
  thrown in D:\xampp\htdocs\portfolio-site\web\app\themes\niveau-child\single-portfolio.php on line 12
[28-Mar-2025 15:44:12 UTC] PHP Fatal error:  Uncaught Error: Class "Smart_Custom_Fields\SCF" not found in D:\xampp\htdocs\portfolio-site\web\app\themes\niveau-child\single-portfolio.php:12
Stack trace:
#0 D:\xampp\htdocs\portfolio-site\web\wp\wp-includes\template-loader.php(106): include()
#1 D:\xampp\htdocs\portfolio-site\web\wp\wp-blog-header.php(19): require_once('D:\\xampp\\htdocs...')
#2 D:\xampp\htdocs\portfolio-site\web\index.php(7): require('D:\\xampp\\htdocs...')
#3 {main}
  thrown in D:\xampp\htdocs\portfolio-site\web\app\themes\niveau-child\single-portfolio.php on line 12
[28-Mar-2025 15:47:26 UTC] PHP Fatal error:  Uncaught Error: Class "Smart_Custom_Fields\SCF" not found in D:\xampp\htdocs\portfolio-site\web\app\themes\niveau-child\single-portfolio.php:11
Stack trace:
#0 D:\xampp\htdocs\portfolio-site\web\wp\wp-includes\template-loader.php(106): include()
#1 D:\xampp\htdocs\portfolio-site\web\wp\wp-blog-header.php(19): require_once('D:\\xampp\\htdocs...')
#2 D:\xampp\htdocs\portfolio-site\web\index.php(7): require('D:\\xampp\\htdocs...')
#3 {main}
  thrown in D:\xampp\htdocs\portfolio-site\web\app\themes\niveau-child\single-portfolio.php on line 11
[28-Mar-2025 15:48:04 UTC] PHP Fatal error:  Uncaught Error: Class "Smart_Custom_Fields\SCF" not found in D:\xampp\htdocs\portfolio-site\web\app\themes\niveau-child\single-portfolio.php:11
Stack trace:
#0 D:\xampp\htdocs\portfolio-site\web\wp\wp-includes\template-loader.php(106): include()
#1 D:\xampp\htdocs\portfolio-site\web\wp\wp-blog-header.php(19): require_once('D:\\xampp\\htdocs...')
#2 D:\xampp\htdocs\portfolio-site\web\index.php(7): require('D:\\xampp\\htdocs...')
#3 {main}
  thrown in D:\xampp\htdocs\portfolio-site\web\app\themes\niveau-child\single-portfolio.php on line 11
[28-Mar-2025 15:54:59 UTC] PHP Warning:  require_once(D:\xampp\htdocs\portfolio-site/web/app/plugins/smart-custom-fields-master/smart-custom-fields.php): Failed to open stream: No such file or directory in D:\xampp\htdocs\portfolio-site\web\app\mu-plugins\load-scf.php on line 7
[28-Mar-2025 15:54:59 UTC] PHP Fatal error:  Uncaught Error: Failed opening required 'D:\xampp\htdocs\portfolio-site/web/app/plugins/smart-custom-fields-master/smart-custom-fields.php' (include_path='\xampp\php\PEAR') in D:\xampp\htdocs\portfolio-site\web\app\mu-plugins\load-scf.php:7
Stack trace:
#0 D:\xampp\htdocs\portfolio-site\web\wp\wp-settings.php(451): include_once()
#1 D:\xampp\htdocs\portfolio-site\web\wp-config.php(10): require_once('D:\\xampp\\htdocs...')
#2 D:\xampp\htdocs\portfolio-site\web\wp\wp-load.php(55): require_once('D:\\xampp\\htdocs...')
#3 D:\xampp\htdocs\portfolio-site\web\wp\wp-admin\admin.php(34): require_once('D:\\xampp\\htdocs...')
#4 D:\xampp\htdocs\portfolio-site\web\wp\wp-admin\about.php(10): require_once('D:\\xampp\\htdocs...')
#5 {main}
  thrown in D:\xampp\htdocs\portfolio-site\web\app\mu-plugins\load-scf.php on line 7
[28-Mar-2025 15:55:02 UTC] PHP Warning:  require_once(D:\xampp\htdocs\portfolio-site/web/app/plugins/smart-custom-fields-master/smart-custom-fields.php): Failed to open stream: No such file or directory in D:\xampp\htdocs\portfolio-site\web\app\mu-plugins\load-scf.php on line 7
[28-Mar-2025 15:55:02 UTC] PHP Fatal error:  Uncaught Error: Failed opening required 'D:\xampp\htdocs\portfolio-site/web/app/plugins/smart-custom-fields-master/smart-custom-fields.php' (include_path='\xampp\php\PEAR') in D:\xampp\htdocs\portfolio-site\web\app\mu-plugins\load-scf.php:7
Stack trace:
#0 D:\xampp\htdocs\portfolio-site\web\wp\wp-settings.php(451): include_once()
#1 D:\xampp\htdocs\portfolio-site\web\wp-config.php(10): require_once('D:\\xampp\\htdocs...')
#2 D:\xampp\htdocs\portfolio-site\web\wp\wp-load.php(55): require_once('D:\\xampp\\htdocs...')
#3 D:\xampp\htdocs\portfolio-site\web\wp\wp-admin\admin.php(34): require_once('D:\\xampp\\htdocs...')
#4 D:\xampp\htdocs\portfolio-site\web\wp\wp-admin\about.php(10): require_once('D:\\xampp\\htdocs...')
#5 {main}
  thrown in D:\xampp\htdocs\portfolio-site\web\app\mu-plugins\load-scf.php on line 7
[28-Mar-2025 15:55:04 UTC] PHP Warning:  require_once(D:\xampp\htdocs\portfolio-site/web/app/plugins/smart-custom-fields-master/smart-custom-fields.php): Failed to open stream: No such file or directory in D:\xampp\htdocs\portfolio-site\web\app\mu-plugins\load-scf.php on line 7
[28-Mar-2025 15:55:04 UTC] PHP Fatal error:  Uncaught Error: Failed opening required 'D:\xampp\htdocs\portfolio-site/web/app/plugins/smart-custom-fields-master/smart-custom-fields.php' (include_path='\xampp\php\PEAR') in D:\xampp\htdocs\portfolio-site\web\app\mu-plugins\load-scf.php:7
Stack trace:
#0 D:\xampp\htdocs\portfolio-site\web\wp\wp-settings.php(451): include_once()
#1 D:\xampp\htdocs\portfolio-site\web\wp-config.php(10): require_once('D:\\xampp\\htdocs...')
#2 D:\xampp\htdocs\portfolio-site\web\wp\wp-load.php(55): require_once('D:\\xampp\\htdocs...')
#3 D:\xampp\htdocs\portfolio-site\web\wp\wp-admin\admin.php(34): require_once('D:\\xampp\\htdocs...')
#4 D:\xampp\htdocs\portfolio-site\web\wp\wp-admin\about.php(10): require_once('D:\\xampp\\htdocs...')
#5 {main}
  thrown in D:\xampp\htdocs\portfolio-site\web\app\mu-plugins\load-scf.php on line 7
[28-Mar-2025 15:55:05 UTC] PHP Warning:  require_once(D:\xampp\htdocs\portfolio-site/web/app/plugins/smart-custom-fields-master/smart-custom-fields.php): Failed to open stream: No such file or directory in D:\xampp\htdocs\portfolio-site\web\app\mu-plugins\load-scf.php on line 7
[28-Mar-2025 15:55:05 UTC] PHP Fatal error:  Uncaught Error: Failed opening required 'D:\xampp\htdocs\portfolio-site/web/app/plugins/smart-custom-fields-master/smart-custom-fields.php' (include_path='\xampp\php\PEAR') in D:\xampp\htdocs\portfolio-site\web\app\mu-plugins\load-scf.php:7
Stack trace:
#0 D:\xampp\htdocs\portfolio-site\web\wp\wp-settings.php(451): include_once()
#1 D:\xampp\htdocs\portfolio-site\web\wp-config.php(10): require_once('D:\\xampp\\htdocs...')
#2 D:\xampp\htdocs\portfolio-site\web\wp\wp-load.php(55): require_once('D:\\xampp\\htdocs...')
#3 D:\xampp\htdocs\portfolio-site\web\wp\wp-admin\admin.php(34): require_once('D:\\xampp\\htdocs...')
#4 D:\xampp\htdocs\portfolio-site\web\wp\wp-admin\about.php(10): require_once('D:\\xampp\\htdocs...')
#5 {main}
  thrown in D:\xampp\htdocs\portfolio-site\web\app\mu-plugins\load-scf.php on line 7
[28-Mar-2025 15:55:06 UTC] PHP Warning:  require_once(D:\xampp\htdocs\portfolio-site/web/app/plugins/smart-custom-fields-master/smart-custom-fields.php): Failed to open stream: No such file or directory in D:\xampp\htdocs\portfolio-site\web\app\mu-plugins\load-scf.php on line 7
[28-Mar-2025 15:55:06 UTC] PHP Fatal error:  Uncaught Error: Failed opening required 'D:\xampp\htdocs\portfolio-site/web/app/plugins/smart-custom-fields-master/smart-custom-fields.php' (include_path='\xampp\php\PEAR') in D:\xampp\htdocs\portfolio-site\web\app\mu-plugins\load-scf.php:7
Stack trace:
#0 D:\xampp\htdocs\portfolio-site\web\wp\wp-settings.php(451): include_once()
#1 D:\xampp\htdocs\portfolio-site\web\wp-config.php(10): require_once('D:\\xampp\\htdocs...')
#2 D:\xampp\htdocs\portfolio-site\web\wp\wp-load.php(55): require_once('D:\\xampp\\htdocs...')
#3 D:\xampp\htdocs\portfolio-site\web\wp\wp-blog-header.php(13): require_once('D:\\xampp\\htdocs...')
#4 D:\xampp\htdocs\portfolio-site\web\index.php(7): require('D:\\xampp\\htdocs...')
#5 {main}
  thrown in D:\xampp\htdocs\portfolio-site\web\app\mu-plugins\load-scf.php on line 7
[28-Mar-2025 15:55:42 UTC] PHP Fatal error:  Uncaught Error: Class "Smart_Custom_Fields\SCF" not found in D:\xampp\htdocs\portfolio-site\web\app\themes\niveau-child\single-portfolio.php:11
Stack trace:
#0 D:\xampp\htdocs\portfolio-site\web\wp\wp-includes\template-loader.php(106): include()
#1 D:\xampp\htdocs\portfolio-site\web\wp\wp-blog-header.php(19): require_once('D:\\xampp\\htdocs...')
#2 D:\xampp\htdocs\portfolio-site\web\index.php(7): require('D:\\xampp\\htdocs...')
#3 {main}
  thrown in D:\xampp\htdocs\portfolio-site\web\app\themes\niveau-child\single-portfolio.php on line 11
[28-Mar-2025 15:56:51 UTC] PHP Fatal error:  Uncaught Error: Class "Smart_Custom_Fields\SCF" not found in D:\xampp\htdocs\portfolio-site\web\app\themes\niveau-child\single-portfolio.php:11
Stack trace:
#0 D:\xampp\htdocs\portfolio-site\web\wp\wp-includes\template-loader.php(106): include()
#1 D:\xampp\htdocs\portfolio-site\web\wp\wp-blog-header.php(19): require_once('D:\\xampp\\htdocs...')
#2 D:\xampp\htdocs\portfolio-site\web\index.php(7): require('D:\\xampp\\htdocs...')
#3 {main}
  thrown in D:\xampp\htdocs\portfolio-site\web\app\themes\niveau-child\single-portfolio.php on line 11
[28-Mar-2025 16:07:37 UTC] PHP Warning:  foreach() argument must be of type array|object, string given in D:\xampp\htdocs\portfolio-site\web\app\themes\niveau-child\single-portfolio.php on line 28
[28-Mar-2025 16:10:26 UTC] PHP Warning:  foreach() argument must be of type array|object, string given in D:\xampp\htdocs\portfolio-site\web\app\themes\niveau-child\single-portfolio.php on line 28
[31-Mar-2025 16:13:15 UTC] PHP Warning:  mysqli_real_connect(): (HY000/1130): Host 'localhost' is not allowed to connect to this MariaDB server in D:\xampp\htdocs\portfolio-site\web\wp\wp-includes\class-wpdb.php on line 1982
[31-Mar-2025 16:13:16 UTC] PHP Warning:  mysqli_real_connect(): (HY000/1130): Host 'localhost' is not allowed to connect to this MariaDB server in D:\xampp\htdocs\portfolio-site\web\wp\wp-includes\class-wpdb.php on line 1982
[31-Mar-2025 16:13:28 UTC] PHP Warning:  mysqli_real_connect(): (HY000/1130): Host 'localhost' is not allowed to connect to this MariaDB server in D:\xampp\htdocs\portfolio-site\web\wp\wp-includes\class-wpdb.php on line 1982
[31-Mar-2025 16:28:56 UTC] PHP Warning:  mysqli_real_connect(): (HY000/1130): Host 'localhost' is not allowed to connect to this MariaDB server in D:\xampp\htdocs\portfolio-site\web\wp\wp-includes\class-wpdb.php on line 1982
[31-Mar-2025 16:28:58 UTC] PHP Warning:  mysqli_real_connect(): (HY000/1130): Host 'localhost' is not allowed to connect to this MariaDB server in D:\xampp\htdocs\portfolio-site\web\wp\wp-includes\class-wpdb.php on line 1982
[31-Mar-2025 17:11:06 UTC] PHP Warning:  mysqli_real_connect(): (HY000/1130): Host 'localhost' is not allowed to connect to this MariaDB server in D:\xampp\htdocs\portfolio-site\web\wp\wp-includes\class-wpdb.php on line 1982
[31-Mar-2025 17:11:07 UTC] PHP Warning:  mysqli_real_connect(): (HY000/1130): Host 'localhost' is not allowed to connect to this MariaDB server in D:\xampp\htdocs\portfolio-site\web\wp\wp-includes\class-wpdb.php on line 1982
[31-Mar-2025 17:11:14 UTC] PHP Warning:  mysqli_real_connect(): (HY000/1130): Host 'localhost' is not allowed to connect to this MariaDB server in D:\xampp\htdocs\portfolio-site\web\wp\wp-includes\class-wpdb.php on line 1982
[31-Mar-2025 17:59:32 UTC] WordPress database error Table 'proutfolio.wp_options' doesn't exist for query INSERT INTO `wp_options` (`option_name`, `option_value`, `autoload`) VALUES ('uninstall_plugins', 'a:2:{i:0;b:0;s:43:\"smart-custom-fields/smart-custom-fields.php\";a:2:{i:0;s:19:\"Smart_Custom_Fields\";i:1;s:9:\"uninstall\";}}', 'auto') ON DUPLICATE KEY UPDATE `option_name` = VALUES(`option_name`), `option_value` = VALUES(`option_value`), `autoload` = VALUES(`autoload`) made by require_once('wp-load.php'), require_once('D:/xampp/htdocs/proutfolio/web/wp-config.php'), require_once('wp-settings.php'), include_once('/mu-plugins/load-scf.php'), require_once('/plugins/smart-custom-fields/smart-custom-fields.php'), Smart_Custom_Fields->__construct, register_uninstall_hook, update_option, add_option
[31-Mar-2025 17:59:49 UTC] WordPress database error Table 'proutfolio.wp_options' doesn't exist for query INSERT INTO `wp_options` (`option_name`, `option_value`, `autoload`) VALUES ('uninstall_plugins', 'a:2:{i:0;b:0;s:43:\"smart-custom-fields/smart-custom-fields.php\";a:2:{i:0;s:19:\"Smart_Custom_Fields\";i:1;s:9:\"uninstall\";}}', 'auto') ON DUPLICATE KEY UPDATE `option_name` = VALUES(`option_name`), `option_value` = VALUES(`option_value`), `autoload` = VALUES(`autoload`) made by require_once('wp-load.php'), require_once('D:/xampp/htdocs/proutfolio/web/wp-config.php'), require_once('wp-settings.php'), include_once('/mu-plugins/load-scf.php'), require_once('/plugins/smart-custom-fields/smart-custom-fields.php'), Smart_Custom_Fields->__construct, register_uninstall_hook, update_option, add_option
[31-Mar-2025 18:00:30 UTC] WordPress database error Table 'proutfolio.wp_options' doesn't exist for query INSERT INTO `wp_options` (`option_name`, `option_value`, `autoload`) VALUES ('uninstall_plugins', 'a:2:{i:0;b:0;s:43:\"smart-custom-fields/smart-custom-fields.php\";a:2:{i:0;s:19:\"Smart_Custom_Fields\";i:1;s:9:\"uninstall\";}}', 'auto') ON DUPLICATE KEY UPDATE `option_name` = VALUES(`option_name`), `option_value` = VALUES(`option_value`), `autoload` = VALUES(`autoload`) made by require_once('wp-load.php'), require_once('D:/xampp/htdocs/proutfolio/web/wp-config.php'), require_once('wp-settings.php'), include_once('/mu-plugins/load-scf.php'), require_once('/plugins/smart-custom-fields/smart-custom-fields.php'), Smart_Custom_Fields->__construct, register_uninstall_hook, update_option, add_option
[31-Mar-2025 18:14:29 UTC] PHP Warning:  Attempt to read property "title" on null in D:\xampp\htdocs\proutfolio\web\wp\wp-includes\class-wp-customize-widgets.php on line 923
[31-Mar-2025 18:41:53 UTC] PHP Warning:  Array to string conversion in D:\xampp\htdocs\proutfolio\web\wp\wp-includes\formatting.php on line 1096
[31-Mar-2025 18:43:01 UTC] PHP Warning:  Array to string conversion in D:\xampp\htdocs\proutfolio\web\wp\wp-includes\formatting.php on line 1096
[31-Mar-2025 18:43:02 UTC] PHP Warning:  Array to string conversion in D:\xampp\htdocs\proutfolio\web\wp\wp-includes\formatting.php on line 1096
[31-Mar-2025 18:44:20 UTC] PHP Warning:  Array to string conversion in D:\xampp\htdocs\proutfolio\web\app\themes\niveau-child\front-page.php on line 14
[31-Mar-2025 18:44:20 UTC] PHP Warning:  Array to string conversion in D:\xampp\htdocs\proutfolio\web\wp\wp-includes\formatting.php on line 1096
[31-Mar-2025 18:44:23 UTC] PHP Warning:  Array to string conversion in D:\xampp\htdocs\proutfolio\web\app\themes\niveau-child\front-page.php on line 14
[31-Mar-2025 18:44:23 UTC] PHP Warning:  Array to string conversion in D:\xampp\htdocs\proutfolio\web\wp\wp-includes\formatting.php on line 1096
[31-Mar-2025 18:44:25 UTC] PHP Warning:  Array to string conversion in D:\xampp\htdocs\proutfolio\web\app\themes\niveau-child\front-page.php on line 14
[31-Mar-2025 18:44:25 UTC] PHP Warning:  Array to string conversion in D:\xampp\htdocs\proutfolio\web\wp\wp-includes\formatting.php on line 1096
[31-Mar-2025 18:44:26 UTC] PHP Warning:  Array to string conversion in D:\xampp\htdocs\proutfolio\web\app\themes\niveau-child\front-page.php on line 14
[31-Mar-2025 18:44:26 UTC] PHP Warning:  Array to string conversion in D:\xampp\htdocs\proutfolio\web\wp\wp-includes\formatting.php on line 1096
[31-Mar-2025 18:44:34 UTC] PHP Warning:  Array to string conversion in D:\xampp\htdocs\proutfolio\web\app\themes\niveau-child\front-page.php on line 14
[31-Mar-2025 18:44:34 UTC] PHP Warning:  Array to string conversion in D:\xampp\htdocs\proutfolio\web\wp\wp-includes\formatting.php on line 1096
[31-Mar-2025 18:44:47 UTC] PHP Warning:  Array to string conversion in D:\xampp\htdocs\proutfolio\web\wp\wp-includes\formatting.php on line 1096
